<<<<<<< HEAD
<<<<<<< HEAD
﻿Build started 2/26/2015 12:38:18 PM.
     1>Project "C:\Class\CS 246\ATM Project\ATM-Project\atm program\atm program\atm program.vcxproj" on node 2 (Clean target(s)).
       Project file contains ToolsVersion="12.0". This toolset may be unknown or missing, in which case you may be able to resolve this by installing the appropriate version of MSBuild, or the build may have been forced to a particular ToolsVersion for policy reasons. Treating the project as if it had ToolsVersion="4.0". For more information, please see http://go.microsoft.com/fwlink/?LinkId=291333.
     1>Done Building Project "C:\Class\CS 246\ATM Project\ATM-Project\atm program\atm program\atm program.vcxproj" (Clean target(s)).

Build succeeded.

Time Elapsed 00:00:00.01
=======
﻿Build started 2/26/2015 12:06:38 PM.
=======
﻿Build started 2/26/2015 12:50:56 PM.
>>>>>>> c6f84b51dfdaaf9609387fd2782e4247e71a6243
     1>Project "C:\Users\nwtech\Documents\GitHub\ATM-Project\atm program\atm program\atm program.vcxproj" on node 2 (Build target(s)).
     1>ClCompile:
         C:\Program Files (x86)\Microsoft Visual Studio 12.0\VC\bin\CL.exe /c /ZI /nologo /W3 /WX- /sdl /Od /Oy- /D WIN32 /D _DEBUG /D _CONSOLE /D _LIB /D _UNICODE /D UNICODE /Gm /EHsc /RTC1 /MDd /GS /fp:precise /Zc:wchar_t /Zc:forScope /Yu"stdafx.h" /Fp"Debug\atm program.pch" /Fo"Debug\\" /Fd"Debug\vc120.pdb" /Gd /TP /analyze- /errorReport:prompt Account.cpp User.cpp "atm program.cpp"
         atm program.cpp
     1>c:\users\nwtech\documents\github\atm-project\atm program\atm program\user.h(4): fatal error C1083: Cannot open include file: 'card.h': No such file or directory
         User.cpp
     1>c:\users\nwtech\documents\github\atm-project\atm program\atm program\user.h(4): fatal error C1083: Cannot open include file: 'card.h': No such file or directory
         Account.cpp
     1>c1xx : fatal error C1083: Cannot open source file: 'Account.cpp': No such file or directory
         Generating Code...
     1>Done Building Project "C:\Users\nwtech\Documents\GitHub\ATM-Project\atm program\atm program\atm program.vcxproj" (Build target(s)) -- FAILED.

Build FAILED.

<<<<<<< HEAD
Time Elapsed 00:00:02.96
>>>>>>> 10b8f379dba3094802af5611cfb213db95242e45
=======
Time Elapsed 00:00:00.82
>>>>>>> c6f84b51dfdaaf9609387fd2782e4247e71a6243
