Build started 2/16/2015 3:29:15 PM.
     1>Project "C:\Users\Admin\Documents\GitHub\ATM-Project\atm-project\atm-project\atm-project.vcxproj" on node 2 (Build target(s)).
     1>ClCompile:
         C:\Program Files (x86)\Microsoft Visual Studio 12.0\VC\bin\CL.exe /c /ZI /nologo /W3 /WX- /sdl /Od /Oy- /D WIN32 /D _DEBUG /D _CONSOLE /D _LIB /D _UNICODE /D UNICODE /Gm /EHsc /RTC1 /MDd /GS /fp:precise /Zc:wchar_t /Zc:forScope /Yc"stdafx.h" /Fp"Debug\atm-project.pch" /Fo"Debug\\" /Fd"Debug\vc120.pdb" /Gd /TP /analyze- /errorReport:prompt stdafx.cpp
         stdafx.cpp
         C:\Program Files (x86)\Microsoft Visual Studio 12.0\VC\bin\CL.exe /c /ZI /nologo /W3 /WX- /sdl /Od /Oy- /D WIN32 /D _DEBUG /D _CONSOLE /D _LIB /D _UNICODE /D UNICODE /Gm /EHsc /RTC1 /MDd /GS /fp:precise /Zc:wchar_t /Zc:forScope /Yu"stdafx.h" /Fp"Debug\atm-project.pch" /Fo"Debug\\" /Fd"Debug\vc120.pdb" /Gd /TP /analyze- /errorReport:prompt "atm-project.cpp" User.cpp
         User.cpp
     1>c:\users\admin\documents\github\atm-project\atm-project\atm-project\user.h(8): error C2061: syntax error : identifier 'string'
     1>c:\users\admin\documents\github\atm-project\atm-project\atm-project\user.h(9): error C2061: syntax error : identifier 'string'
     1>c:\users\admin\documents\github\atm-project\atm-project\atm-project\user.h(11): error C2061: syntax error : identifier 'Card'
     1>c:\users\admin\documents\github\atm-project\atm-project\atm-project\user.cpp(14): error C2337: 'Test' : attribute not found
     1>c:\users\admin\documents\github\atm-project\atm-project\atm-project\user.cpp(15): error C2061: syntax error : identifier 'name'
     1>c:\users\admin\documents\github\atm-project\atm-project\atm-project\user.cpp(16): error C4430: missing type specifier - int assumed. Note: C++ does not support default-int
     1>c:\users\admin\documents\github\atm-project\atm-project\atm-project\user.cpp(16): error C2556: 'int User::setName(void)' : overloaded function differs only by return type from 'bool User::setName(void)'
                 c:\users\admin\documents\github\atm-project\atm-project\atm-project\user.h(8) : see declaration of 'User::setName'
     1>c:\users\admin\documents\github\atm-project\atm-project\atm-project\user.cpp(16): error C2371: 'User::setName' : redefinition; different basic types
                 c:\users\admin\documents\github\atm-project\atm-project\atm-project\user.h(8) : see declaration of 'User::setName'
     1>c:\users\admin\documents\github\atm-project\atm-project\atm-project\user.cpp(17): error C2065: 'name' : undeclared identifier
     1>c:\users\admin\documents\github\atm-project\atm-project\atm-project\user.cpp(23): error C2337: 'Test' : attribute not found
     1>c:\users\admin\documents\github\atm-project\atm-project\atm-project\user.cpp(25): error C4430: missing type specifier - int assumed. Note: C++ does not support default-int
     1>c:\users\admin\documents\github\atm-project\atm-project\atm-project\user.cpp(25): error C2556: 'int User::setZipcode(int)' : overloaded function differs only by return type from 'bool User::setZipcode(int)'
                 c:\users\admin\documents\github\atm-project\atm-project\atm-project\user.h(10) : see declaration of 'User::setZipcode'
     1>c:\users\admin\documents\github\atm-project\atm-project\atm-project\user.cpp(25): error C2371: 'User::setZipcode' : redefinition; different basic types
                 c:\users\admin\documents\github\atm-project\atm-project\atm-project\user.h(10) : see declaration of 'User::setZipcode'
         atm-project.cpp
     1>c:\users\admin\documents\github\atm-project\atm-project\atm-project\atm-project.cpp(5): fatal error C1083: Cannot open include file: 'stdlib': No such file or directory
         Generating Code...
     1>Done Building Project "C:\Users\Admin\Documents\GitHub\ATM-Project\atm-project\atm-project\atm-project.vcxproj" (Build target(s)) -- FAILED.

Build FAILED.

Time Elapsed 00:00:02.45
